{"environment":"production","level":"info","message":"Server running on port 8084 in production mode","service":"purse-backend-api","timestamp":"2026-05-23 07:35:49"}
{"environment":"production","level":"info","message":"API Documentation: http://localhost:8084/api-docs","service":"purse-backend-api","timestamp":"2026-05-23 07:35:49"}
{"environment":"production","level":"info","message":"Health Check: http://localhost:8084/health","service":"purse-backend-api","timestamp":"2026-05-23 07:35:49"}
{"environment":"production","level":"error","message":"Failed to start server:","service":"purse-backend-api","timestamp":"2026-05-23 07:35:49"}
{"environment":"production","level":"info","message":"Server running on port 8084 in production mode","service":"purse-backend-api","timestamp":"2026-05-23 07:40:31"}
{"environment":"production","level":"info","message":"API Documentation: http://localhost:8084/api-docs","service":"purse-backend-api","timestamp":"2026-05-23 07:40:31"}
{"environment":"production","level":"info","message":"Health Check: http://localhost:8084/health","service":"purse-backend-api","timestamp":"2026-05-23 07:40:31"}
{"environment":"production","level":"error","message":"Failed to start server:","service":"purse-backend-api","timestamp":"2026-05-23 07:40:31"}
{"environment":"production","level":"info","message":"Server running on port 8084 in production mode","service":"purse-backend-api","timestamp":"2026-05-23 07:47:43"}
{"environment":"production","level":"info","message":"API Documentation: http://localhost:8084/api-docs","service":"purse-backend-api","timestamp":"2026-05-23 07:47:43"}
{"environment":"production","level":"info","message":"Health Check: http://localhost:8084/health","service":"purse-backend-api","timestamp":"2026-05-23 07:47:43"}
{"environment":"production","level":"error","message":"Failed to start server:","service":"purse-backend-api","timestamp":"2026-05-23 07:47:43"}
{"environment":"production","level":"info","message":"Server running on port 8084 in production mode","service":"purse-backend-api","timestamp":"2026-05-23 07:49:17"}
{"environment":"production","level":"info","message":"API Documentation: http://localhost:8084/api-docs","service":"purse-backend-api","timestamp":"2026-05-23 07:49:17"}
{"environment":"production","level":"info","message":"Health Check: http://localhost:8084/health","service":"purse-backend-api","timestamp":"2026-05-23 07:49:17"}
{"environment":"production","level":"error","message":"Failed to start server:","service":"purse-backend-api","timestamp":"2026-05-23 07:49:17"}
{"environment":"production","level":"info","message":"Server running on port 8084 in production mode","service":"purse-backend-api","timestamp":"2026-05-23 07:51:08"}
{"environment":"production","level":"info","message":"API Documentation: http://localhost:8084/api-docs","service":"purse-backend-api","timestamp":"2026-05-23 07:51:08"}
{"environment":"production","level":"info","message":"Health Check: http://localhost:8084/health","service":"purse-backend-api","timestamp":"2026-05-23 07:51:08"}
{"environment":"production","level":"error","message":"Socket.IO initialization failed: BullMQ: Your redis options maxRetriesPerRequest must be null.","service":"purse-backend-api","stack":"Error: BullMQ: Your redis options maxRetriesPerRequest must be null.\n    at RedisConnection.checkBlockingOptions (/home/rabal/Projects/Nextgen/NextGenPurse/node_modules/bullmq/dist/cjs/classes/redis-connection.js:73:23)\n    at new RedisConnection (/home/rabal/Projects/Nextgen/NextGenPurse/node_modules/bullmq/dist/cjs/classes/redis-connection.js:53:18)\n    at new Worker (/home/rabal/Projects/Nextgen/NextGenPurse/node_modules/bullmq/dist/cjs/classes/worker.js:121:35)\n    at startChatRealtimeWorker (file:///home/rabal/Projects/Nextgen/NextGenPurse/src/jobs/chatRealtime.queue.js:57:18)\n    at initializeChatSocket (file:///home/rabal/Projects/Nextgen/NextGenPurse/src/services/chatSocket.service.js:137:5)\n    at process.processTicksAndRejections (node:internal/process/task_queues:105:5)\n    at async startServer (file:///home/rabal/Projects/Nextgen/NextGenPurse/src/server.js:22:7)","timestamp":"2026-05-23 07:51:08"}
{"environment":"production","level":"warn","message":"Server will continue running without Socket.IO Redis chat","service":"purse-backend-api","timestamp":"2026-05-23 07:51:08"}
{"environment":"production","level":"info","message":"SIGTERM signal received: closing HTTP server","service":"purse-backend-api","timestamp":"2026-05-23 07:51:33"}
{"environment":"production","level":"error","message":"Socket.IO initialization failed: BullMQ: Your redis options maxRetriesPerRequest must be null.","service":"purse-backend-api","stack":"Error: BullMQ: Your redis options maxRetriesPerRequest must be null.\n    at RedisConnection.checkBlockingOptions (/home/rabal/Projects/Nextgen/NextGenPurse/node_modules/bullmq/dist/cjs/classes/redis-connection.js:73:23)\n    at new RedisConnection (/home/rabal/Projects/Nextgen/NextGenPurse/node_modules/bullmq/dist/cjs/classes/redis-connection.js:53:18)\n    at new Worker (/home/rabal/Projects/Nextgen/NextGenPurse/node_modules/bullmq/dist/cjs/classes/worker.js:121:35)\n    at startChatRealtimeWorker (file:///home/rabal/Projects/Nextgen/NextGenPurse/src/jobs/chatRealtime.queue.js:57:18)\n    at initializeChatSocket (file:///home/rabal/Projects/Nextgen/NextGenPurse/src/services/chatSocket.service.js:137:5)\n    at process.processTicksAndRejections (node:internal/process/task_queues:105:5)\n    at async startServer (file:///home/rabal/Projects/Nextgen/NextGenPurse/src/server.js:16:7)","timestamp":"2026-05-23 07:51:35"}
{"environment":"production","level":"warn","message":"Server will continue running without Socket.IO Redis chat","service":"purse-backend-api","timestamp":"2026-05-23 07:51:35"}
{"environment":"production","level":"info","message":"SIGTERM signal received: closing HTTP server","service":"purse-backend-api","timestamp":"2026-05-23 07:54:04"}
{"environment":"production","level":"info","message":"Socket.IO chat initialized","service":"purse-backend-api","timestamp":"2026-05-23 07:54:05"}
{"environment":"production","level":"info","message":"SIGTERM signal received: closing HTTP server","service":"purse-backend-api","timestamp":"2026-05-23 07:55:34"}
{"environment":"production","level":"info","message":"Socket.IO chat initialized","service":"purse-backend-api","timestamp":"2026-05-23 07:55:36"}
{"environment":"production","level":"info","message":"SIGTERM signal received: closing HTTP server","service":"purse-backend-api","timestamp":"2026-05-23 07:55:48"}
{"environment":"production","level":"info","message":"Socket.IO chat initialized","service":"purse-backend-api","timestamp":"2026-05-23 07:55:51"}
{"environment":"production","level":"info","message":"SIGINT signal received: closing HTTP server","service":"purse-backend-api","timestamp":"2026-05-23 07:57:05"}
{"environment":"production","level":"info","message":"Socket.IO chat initialized","service":"purse-backend-api","timestamp":"2026-05-23 07:57:09"}
{"environment":"production","level":"info","message":"SIGTERM signal received: closing HTTP server","service":"purse-backend-api","timestamp":"2026-05-23 07:57:41"}
{"environment":"production","level":"info","message":"Socket.IO chat initialized","service":"purse-backend-api","timestamp":"2026-05-23 07:57:42"}
{"environment":"production","level":"info","message":"SIGTERM signal received: closing HTTP server","service":"purse-backend-api","timestamp":"2026-05-23 07:57:55"}
{"environment":"production","level":"info","message":"Socket.IO chat initialized","service":"purse-backend-api","timestamp":"2026-05-23 07:57:57"}
{"environment":"production","level":"info","message":"SIGINT signal received: closing HTTP server","service":"purse-backend-api","timestamp":"2026-05-23 07:58:09"}
{"environment":"production","level":"info","message":"Socket.IO chat initialized","service":"purse-backend-api","timestamp":"2026-05-23 07:58:15"}
{"environment":"production","level":"info","message":"SIGTERM signal received: closing HTTP server","service":"purse-backend-api","timestamp":"2026-05-23 07:59:31"}
{"environment":"production","level":"info","message":"Server running on port 8084 in production mode","service":"purse-backend-api","timestamp":"2026-05-23 08:00:25"}
{"environment":"production","level":"info","message":"API Documentation: http://localhost:8084/api-docs","service":"purse-backend-api","timestamp":"2026-05-23 08:00:25"}
{"environment":"production","level":"info","message":"Health Check: http://localhost:8084/health","service":"purse-backend-api","timestamp":"2026-05-23 08:00:25"}
{"environment":"production","level":"info","message":"Socket.IO chat initialized","service":"purse-backend-api","timestamp":"2026-05-23 08:00:25"}
{"environment":"production","level":"info","message":{"duration":"409ms","ip":"::1","method":"GET","statusCode":200,"url":"/health","userAgent":"Mozilla/5.0 (X11; Linux x86_64) AppleWebKit/537.36 (KHTML, like Gecko) Chrome/143.0.0.0 Safari/537.36"},"service":"purse-backend-api","timestamp":"2026-05-23 08:00:43"}
{"environment":"production","level":"warn","message":{"duration":"1ms","ip":"::1","method":"GET","statusCode":404,"url":"/favicon.ico","userAgent":"Mozilla/5.0 (X11; Linux x86_64) AppleWebKit/537.36 (KHTML, like Gecko) Chrome/143.0.0.0 Safari/537.36"},"service":"purse-backend-api","timestamp":"2026-05-23 08:00:44"}
{"environment":"production","level":"info","message":"SIGTERM signal received","service":"purse-backend-api","timestamp":"2026-05-23 08:04:11"}
{"environment":"production","level":"info","message":"Server running on port 8084 in production mode","service":"purse-backend-api","timestamp":"2026-05-23 08:04:13"}
{"environment":"production","level":"info","message":"API Documentation: http://localhost:8084/api-docs","service":"purse-backend-api","timestamp":"2026-05-23 08:04:13"}
{"environment":"production","level":"info","message":"Health Check: http://localhost:8084/health","service":"purse-backend-api","timestamp":"2026-05-23 08:04:13"}
{"environment":"production","level":"info","message":"Socket.IO chat initialized","service":"purse-backend-api","timestamp":"2026-05-23 08:04:13"}
{"environment":"production","level":"info","message":"SIGINT signal received","service":"purse-backend-api","timestamp":"2026-05-23 08:04:20"}
